<?xml version="1.0" encoding="UTF-8"?>
<testng-results skipped="0" failed="0" ignored="0" total="10" passed="10">
  <reporter-output>
  </reporter-output>
  <suite name="Default suite" duration-ms="172295" started-at="2022-03-27T20:48:20 IST" finished-at="2022-03-27T20:51:13 IST">
    <groups>
    </groups>
    <test name="Default test" duration-ms="172295" started-at="2022-03-27T20:48:20 IST" finished-at="2022-03-27T20:51:13 IST">
      <class name="runner.Runer">
        <test-method status="PASS" signature="intialization()[pri:0, instance:runner.Runer@27f723]" name="intialization" is-config="true" duration-ms="823" started-at="2022-03-27T20:48:21 IST" finished-at="2022-03-27T20:48:21 IST">
          <reporter-output>
          </reporter-output>
        </test-method> <!-- intialization -->
        <test-method status="PASS" signature="openurl()[pri:0, instance:runner.Runer@27f723]" name="openurl" is-config="true" duration-ms="17452" started-at="2022-03-27T20:48:21 IST" finished-at="2022-03-27T20:48:39 IST">
          <reporter-output>
          </reporter-output>
        </test-method> <!-- openurl -->
        <test-method status="PASS" signature="validCredentials()[pri:1, instance:runner.Runer@27f723]" name="validCredentials" duration-ms="8169" started-at="2022-03-27T20:48:39 IST" finished-at="2022-03-27T20:48:47 IST">
          <reporter-output>
          </reporter-output>
        </test-method> <!-- validCredentials -->
        <test-method status="PASS" signature="closedriver()[pri:0, instance:runner.Runer@27f723]" name="closedriver" is-config="true" duration-ms="297" started-at="2022-03-27T20:48:47 IST" finished-at="2022-03-27T20:48:47 IST">
          <reporter-output>
          </reporter-output>
        </test-method> <!-- closedriver -->
        <test-method status="PASS" signature="openurl()[pri:0, instance:runner.Runer@27f723]" name="openurl" is-config="true" duration-ms="14679" started-at="2022-03-27T20:48:47 IST" finished-at="2022-03-27T20:49:02 IST">
          <reporter-output>
          </reporter-output>
        </test-method> <!-- openurl -->
        <test-method status="PASS" signature="InvalidCredentials()[pri:2, instance:runner.Runer@27f723]" name="InvalidCredentials" duration-ms="5526" started-at="2022-03-27T20:49:02 IST" finished-at="2022-03-27T20:49:07 IST">
          <reporter-output>
          </reporter-output>
        </test-method> <!-- InvalidCredentials -->
        <test-method status="PASS" signature="closedriver()[pri:0, instance:runner.Runer@27f723]" name="closedriver" is-config="true" duration-ms="4231" started-at="2022-03-27T20:49:07 IST" finished-at="2022-03-27T20:49:12 IST">
          <reporter-output>
          </reporter-output>
        </test-method> <!-- closedriver -->
        <test-method status="PASS" signature="openurl()[pri:0, instance:runner.Runer@27f723]" name="openurl" is-config="true" duration-ms="4285" started-at="2022-03-27T20:49:12 IST" finished-at="2022-03-27T20:49:16 IST">
          <reporter-output>
          </reporter-output>
        </test-method> <!-- openurl -->
        <test-method status="PASS" signature="HyderabadflatsBuy()[pri:3, instance:runner.Runer@27f723]" name="HyderabadflatsBuy" duration-ms="6159" started-at="2022-03-27T20:49:16 IST" finished-at="2022-03-27T20:49:22 IST">
          <reporter-output>
          </reporter-output>
        </test-method> <!-- HyderabadflatsBuy -->
        <test-method status="PASS" signature="closedriver()[pri:0, instance:runner.Runer@27f723]" name="closedriver" is-config="true" duration-ms="499" started-at="2022-03-27T20:49:22 IST" finished-at="2022-03-27T20:49:23 IST">
          <reporter-output>
          </reporter-output>
        </test-method> <!-- closedriver -->
        <test-method status="PASS" signature="openurl()[pri:0, instance:runner.Runer@27f723]" name="openurl" is-config="true" duration-ms="5920" started-at="2022-03-27T20:49:23 IST" finished-at="2022-03-27T20:49:29 IST">
          <reporter-output>
          </reporter-output>
        </test-method> <!-- openurl -->
        <test-method status="PASS" signature="BangloreflatsBuy()[pri:4, instance:runner.Runer@27f723]" name="BangloreflatsBuy" duration-ms="8928" started-at="2022-03-27T20:49:29 IST" finished-at="2022-03-27T20:49:37 IST">
          <reporter-output>
          </reporter-output>
        </test-method> <!-- BangloreflatsBuy -->
        <test-method status="PASS" signature="closedriver()[pri:0, instance:runner.Runer@27f723]" name="closedriver" is-config="true" duration-ms="4490" started-at="2022-03-27T20:49:37 IST" finished-at="2022-03-27T20:49:42 IST">
          <reporter-output>
          </reporter-output>
        </test-method> <!-- closedriver -->
        <test-method status="PASS" signature="openurl()[pri:0, instance:runner.Runer@27f723]" name="openurl" is-config="true" duration-ms="4669" started-at="2022-03-27T20:49:42 IST" finished-at="2022-03-27T20:49:47 IST">
          <reporter-output>
          </reporter-output>
        </test-method> <!-- openurl -->
        <test-method status="PASS" signature="chennaiflatsRent()[pri:5, instance:runner.Runer@27f723]" name="chennaiflatsRent" duration-ms="9587" started-at="2022-03-27T20:49:47 IST" finished-at="2022-03-27T20:49:56 IST">
          <reporter-output>
          </reporter-output>
        </test-method> <!-- chennaiflatsRent -->
        <test-method status="PASS" signature="closedriver()[pri:0, instance:runner.Runer@27f723]" name="closedriver" is-config="true" duration-ms="4335" started-at="2022-03-27T20:49:56 IST" finished-at="2022-03-27T20:50:01 IST">
          <reporter-output>
          </reporter-output>
        </test-method> <!-- closedriver -->
        <test-method status="PASS" signature="openurl()[pri:0, instance:runner.Runer@27f723]" name="openurl" is-config="true" duration-ms="4530" started-at="2022-03-27T20:50:01 IST" finished-at="2022-03-27T20:50:05 IST">
          <reporter-output>
          </reporter-output>
        </test-method> <!-- openurl -->
        <test-method status="PASS" signature="rental()[pri:6, instance:runner.Runer@27f723]" name="rental" duration-ms="5270" started-at="2022-03-27T20:50:05 IST" finished-at="2022-03-27T20:50:10 IST">
          <reporter-output>
          </reporter-output>
        </test-method> <!-- rental -->
        <test-method status="PASS" signature="closedriver()[pri:0, instance:runner.Runer@27f723]" name="closedriver" is-config="true" duration-ms="4219" started-at="2022-03-27T20:50:10 IST" finished-at="2022-03-27T20:50:15 IST">
          <reporter-output>
          </reporter-output>
        </test-method> <!-- closedriver -->
        <test-method status="PASS" signature="openurl()[pri:0, instance:runner.Runer@27f723]" name="openurl" is-config="true" duration-ms="3987" started-at="2022-03-27T20:50:15 IST" finished-at="2022-03-27T20:50:19 IST">
          <reporter-output>
          </reporter-output>
        </test-method> <!-- openurl -->
        <test-method status="PASS" signature="paintingandcleaning()[pri:7, instance:runner.Runer@27f723]" name="paintingandcleaning" duration-ms="5046" started-at="2022-03-27T20:50:19 IST" finished-at="2022-03-27T20:50:24 IST">
          <reporter-output>
          </reporter-output>
        </test-method> <!-- paintingandcleaning -->
        <test-method status="PASS" signature="closedriver()[pri:0, instance:runner.Runer@27f723]" name="closedriver" is-config="true" duration-ms="289" started-at="2022-03-27T20:50:24 IST" finished-at="2022-03-27T20:50:24 IST">
          <reporter-output>
          </reporter-output>
        </test-method> <!-- closedriver -->
        <test-method status="PASS" signature="openurl()[pri:0, instance:runner.Runer@27f723]" name="openurl" is-config="true" duration-ms="4803" started-at="2022-03-27T20:50:24 IST" finished-at="2022-03-27T20:50:29 IST">
          <reporter-output>
          </reporter-output>
        </test-method> <!-- openurl -->
        <test-method status="PASS" signature="refer()[pri:8, instance:runner.Runer@27f723]" name="refer" duration-ms="3915" started-at="2022-03-27T20:50:29 IST" finished-at="2022-03-27T20:50:33 IST">
          <reporter-output>
          </reporter-output>
        </test-method> <!-- refer -->
        <test-method status="PASS" signature="closedriver()[pri:0, instance:runner.Runer@27f723]" name="closedriver" is-config="true" duration-ms="4150" started-at="2022-03-27T20:50:33 IST" finished-at="2022-03-27T20:50:37 IST">
          <reporter-output>
          </reporter-output>
        </test-method> <!-- closedriver -->
        <test-method status="PASS" signature="openurl()[pri:0, instance:runner.Runer@27f723]" name="openurl" is-config="true" duration-ms="4092" started-at="2022-03-27T20:50:37 IST" finished-at="2022-03-27T20:50:41 IST">
          <reporter-output>
          </reporter-output>
        </test-method> <!-- openurl -->
        <test-method status="PASS" signature="ownerplans()[pri:9, instance:runner.Runer@27f723]" name="ownerplans" duration-ms="4149" started-at="2022-03-27T20:50:41 IST" finished-at="2022-03-27T20:50:45 IST">
          <reporter-output>
          </reporter-output>
        </test-method> <!-- ownerplans -->
        <test-method status="PASS" signature="closedriver()[pri:0, instance:runner.Runer@27f723]" name="closedriver" is-config="true" duration-ms="4125" started-at="2022-03-27T20:50:45 IST" finished-at="2022-03-27T20:50:49 IST">
          <reporter-output>
          </reporter-output>
        </test-method> <!-- closedriver -->
        <test-method status="PASS" signature="openurl()[pri:0, instance:runner.Runer@27f723]" name="openurl" is-config="true" duration-ms="14705" started-at="2022-03-27T20:50:49 IST" finished-at="2022-03-27T20:51:04 IST">
          <reporter-output>
          </reporter-output>
        </test-method> <!-- openurl -->
        <test-method status="PASS" signature="Buyerplans()[pri:10, instance:runner.Runer@27f723]" name="Buyerplans" duration-ms="4699" started-at="2022-03-27T20:51:04 IST" finished-at="2022-03-27T20:51:09 IST">
          <reporter-output>
          </reporter-output>
        </test-method> <!-- Buyerplans -->
        <test-method status="PASS" signature="closedriver()[pri:0, instance:runner.Runer@27f723]" name="closedriver" is-config="true" duration-ms="4187" started-at="2022-03-27T20:51:09 IST" finished-at="2022-03-27T20:51:13 IST">
          <reporter-output>
          </reporter-output>
        </test-method> <!-- closedriver -->
        <test-method status="PASS" signature="flush()[pri:0, instance:runner.Runer@27f723]" name="flush" is-config="true" duration-ms="47" started-at="2022-03-27T20:51:13 IST" finished-at="2022-03-27T20:51:13 IST">
          <reporter-output>
          </reporter-output>
        </test-method> <!-- flush -->
      </class> <!-- runner.Runer -->
    </test> <!-- Default test -->
  </suite> <!-- Default suite -->
</testng-results>
