<?xml version="1.0" encoding="UTF-8"?>
<!-- Generated by org.testng.reporters.JUnitXMLReporter -->
<testsuite hostname="LAPTOP-JIAD1O3Q" ignored="0" name="Default test" tests="10" failures="0" timestamp="2022-03-27T20:51:13 IST" time="172.295" errors="0">
  <testcase name="validCredentials" time="8.169" classname="runner.Runer"/>
  <testcase name="InvalidCredentials" time="5.526" classname="runner.Runer"/>
  <testcase name="HyderabadflatsBuy" time="6.159" classname="runner.Runer"/>
  <testcase name="BangloreflatsBuy" time="8.928" classname="runner.Runer"/>
  <testcase name="chennaiflatsRent" time="9.587" classname="runner.Runer"/>
  <testcase name="rental" time="5.27" classname="runner.Runer"/>
  <testcase name="paintingandcleaning" time="5.046" classname="runner.Runer"/>
  <testcase name="refer" time="3.915" classname="runner.Runer"/>
  <testcase name="ownerplans" time="4.149" classname="runner.Runer"/>
  <testcase name="Buyerplans" time="4.699" classname="runner.Runer"/>
</testsuite> <!-- Default test -->
